The target system is: Android - 1 - i686
The host system is: Linux - 4.4.0-31-generic - x86_64
Determining if the C compiler works passed with the following output:
Change Dir: /root/Downloads/qianxun_postion_test/app/.externalNativeBuild/cmake/debug/x86/CMakeFiles/CMakeTmp

Run Build Command:"/main/tools/Android/Sdk/cmake/3.6.4111459/bin/ninja" "cmTC_a92c2"
[1/2] Building C object CMakeFiles/cmTC_a92c2.dir/testCCompiler.c.o
[2/2] Linking C executable cmTC_a92c2


Detecting C compiler ABI info compiled with the following output:
Change Dir: /root/Downloads/qianxun_postion_test/app/.externalNativeBuild/cmake/debug/x86/CMakeFiles/CMakeTmp

Run Build Command:"/main/tools/Android/Sdk/cmake/3.6.4111459/bin/ninja" "cmTC_adc47"
[1/2] Building C object CMakeFiles/cmTC_adc47.dir/CMakeCCompilerABI.c.o
[2/2] Linking C executable cmTC_adc47
Android (4751641 based on r328903) clang version 7.0.2 (https://android.googlesource.com/toolchain/clang 003100370607242ddd5815e4a043907ea9004281) (https://android.googlesource.com/toolchain/llvm 1d739ffb0366421d383e04ff80ec2ee591315116) (based on LLVM 7.0.2svn)
Target: i686-none-linux-android16
Thread model: posix
InstalledDir: /main/tools/Android/Sdk/ndk-bundle/toolchains/llvm/prebuilt/linux-x86_64/bin
Found candidate GCC installation: /main/tools/Android/Sdk/ndk-bundle/toolchains/x86-4.9/prebuilt/linux-x86_64/lib/gcc/i686-linux-android/4.9.x
Selected GCC installation: /main/tools/Android/Sdk/ndk-bundle/toolchains/x86-4.9/prebuilt/linux-x86_64/lib/gcc/i686-linux-android/4.9.x
Candidate multilib: .;@m32
Selected multilib: .;@m32
 "/main/tools/Android/Sdk/ndk-bundle/toolchains/x86-4.9/prebuilt/linux-x86_64/lib/gcc/i686-linux-android/4.9.x/../../../../i686-linux-android/bin/ld" --sysroot=/main/tools/Android/Sdk/ndk-bundle/platforms/android-16/arch-x86 -pie -z relro --enable-new-dtags --eh-frame-hdr -m elf_i386 -dynamic-linker /system/bin/linker -o cmTC_adc47 /main/tools/Android/Sdk/ndk-bundle/platforms/android-16/arch-x86/usr/lib/crtbegin_dynamic.o -L/main/tools/Android/Sdk/ndk-bundle/sources/cxx-stl/llvm-libc++/libs/x86 -L/main/tools/Android/Sdk/ndk-bundle/toolchains/llvm/prebuilt/linux-x86_64/lib64/clang/7.0.2/lib/linux/i386 -L/main/tools/Android/Sdk/ndk-bundle/toolchains/x86-4.9/prebuilt/linux-x86_64/lib/gcc/i686-linux-android/4.9.x -L/main/tools/Android/Sdk/ndk-bundle/toolchains/x86-4.9/prebuilt/linux-x86_64/lib/gcc/i686-linux-android/4.9.x/../../../../i686-linux-android/lib -L/main/tools/Android/Sdk/ndk-bundle/platforms/android-16/arch-x86/usr/lib --exclude-libs libgcc.a --exclude-libs libatomic.a --build-id --warn-shared-textrel --fatal-warnings --no-undefined -z noexecstack -z relro -z now --gc-sections -z nocopyreloc CMakeFiles/cmTC_adc47.dir/CMakeCCompilerABI.c.o -lgcc -ldl -lc -lgcc -ldl /main/tools/Android/Sdk/ndk-bundle/platforms/android-16/arch-x86/usr/lib/crtend_android.o


Parsed C implicit link information from above output:
  link line regex: [^( *|.*[/\])(i686-linux-android-ld|([^/\]+-)?ld|collect2)[^/\]*( |$)]
  ignore line: [Change Dir: /root/Downloads/qianxun_postion_test/app/.externalNativeBuild/cmake/debug/x86/CMakeFiles/CMakeTmp]
  ignore line: []
  ignore line: [Run Build Command:"/main/tools/Android/Sdk/cmake/3.6.4111459/bin/ninja" "cmTC_adc47"]
  ignore line: [[1/2] Building C object CMakeFiles/cmTC_adc47.dir/CMakeCCompilerABI.c.o]
  ignore line: [[2/2] Linking C executable cmTC_adc47]
  ignore line: [Android (4751641 based on r328903) clang version 7.0.2 (https://android.googlesource.com/toolchain/clang 003100370607242ddd5815e4a043907ea9004281) (https://android.googlesource.com/toolchain/llvm 1d739ffb0366421d383e04ff80ec2ee591315116) (based on LLVM 7.0.2svn)]
  ignore line: [Target: i686-none-linux-android16]
  ignore line: [Thread model: posix]
  ignore line: [InstalledDir: /main/tools/Android/Sdk/ndk-bundle/toolchains/llvm/prebuilt/linux-x86_64/bin]
  ignore line: [Found candidate GCC installation: /main/tools/Android/Sdk/ndk-bundle/toolchains/x86-4.9/prebuilt/linux-x86_64/lib/gcc/i686-linux-android/4.9.x]
  ignore line: [Selected GCC installation: /main/tools/Android/Sdk/ndk-bundle/toolchains/x86-4.9/prebuilt/linux-x86_64/lib/gcc/i686-linux-android/4.9.x]
  ignore line: [Candidate multilib: .]
  ignore line: [@m32]
  ignore line: [Selected multilib: .]
  ignore line: [@m32]
  link line: [ "/main/tools/Android/Sdk/ndk-bundle/toolchains/x86-4.9/prebuilt/linux-x86_64/lib/gcc/i686-linux-android/4.9.x/../../../../i686-linux-android/bin/ld" --sysroot=/main/tools/Android/Sdk/ndk-bundle/platforms/android-16/arch-x86 -pie -z relro --enable-new-dtags --eh-frame-hdr -m elf_i386 -dynamic-linker /system/bin/linker -o cmTC_adc47 /main/tools/Android/Sdk/ndk-bundle/platforms/android-16/arch-x86/usr/lib/crtbegin_dynamic.o -L/main/tools/Android/Sdk/ndk-bundle/sources/cxx-stl/llvm-libc++/libs/x86 -L/main/tools/Android/Sdk/ndk-bundle/toolchains/llvm/prebuilt/linux-x86_64/lib64/clang/7.0.2/lib/linux/i386 -L/main/tools/Android/Sdk/ndk-bundle/toolchains/x86-4.9/prebuilt/linux-x86_64/lib/gcc/i686-linux-android/4.9.x -L/main/tools/Android/Sdk/ndk-bundle/toolchains/x86-4.9/prebuilt/linux-x86_64/lib/gcc/i686-linux-android/4.9.x/../../../../i686-linux-android/lib -L/main/tools/Android/Sdk/ndk-bundle/platforms/android-16/arch-x86/usr/lib --exclude-libs libgcc.a --exclude-libs libatomic.a --build-id --warn-shared-textrel --fatal-warnings --no-undefined -z noexecstack -z relro -z now --gc-sections -z nocopyreloc CMakeFiles/cmTC_adc47.dir/CMakeCCompilerABI.c.o -lgcc -ldl -lc -lgcc -ldl /main/tools/Android/Sdk/ndk-bundle/platforms/android-16/arch-x86/usr/lib/crtend_android.o]
    arg [/main/tools/Android/Sdk/ndk-bundle/toolchains/x86-4.9/prebuilt/linux-x86_64/lib/gcc/i686-linux-android/4.9.x/../../../../i686-linux-android/bin/ld] ==> ignore
    arg [--sysroot=/main/tools/Android/Sdk/ndk-bundle/platforms/android-16/arch-x86] ==> ignore
    arg [-pie] ==> ignore
    arg [-zrelro] ==> ignore
    arg [--enable-new-dtags] ==> ignore
    arg [--eh-frame-hdr] ==> ignore
    arg [-m] ==> ignore
    arg [elf_i386] ==> ignore
    arg [-dynamic-linker] ==> ignore
    arg [/system/bin/linker] ==> ignore
    arg [-o] ==> ignore
    arg [cmTC_adc47] ==> ignore
    arg [/main/tools/Android/Sdk/ndk-bundle/platforms/android-16/arch-x86/usr/lib/crtbegin_dynamic.o] ==> ignore
    arg [-L/main/tools/Android/Sdk/ndk-bundle/sources/cxx-stl/llvm-libc++/libs/x86] ==> dir [/main/tools/Android/Sdk/ndk-bundle/sources/cxx-stl/llvm-libc++/libs/x86]
    arg [-L/main/tools/Android/Sdk/ndk-bundle/toolchains/llvm/prebuilt/linux-x86_64/lib64/clang/7.0.2/lib/linux/i386] ==> dir [/main/tools/Android/Sdk/ndk-bundle/toolchains/llvm/prebuilt/linux-x86_64/lib64/clang/7.0.2/lib/linux/i386]
    arg [-L/main/tools/Android/Sdk/ndk-bundle/toolchains/x86-4.9/prebuilt/linux-x86_64/lib/gcc/i686-linux-android/4.9.x] ==> dir [/main/tools/Android/Sdk/ndk-bundle/toolchains/x86-4.9/prebuilt/linux-x86_64/lib/gcc/i686-linux-android/4.9.x]
    arg [-L/main/tools/Android/Sdk/ndk-bundle/toolchains/x86-4.9/prebuilt/linux-x86_64/lib/gcc/i686-linux-android/4.9.x/../../../../i686-linux-android/lib] ==> dir [/main/tools/Android/Sdk/ndk-bundle/toolchains/x86-4.9/prebuilt/linux-x86_64/lib/gcc/i686-linux-android/4.9.x/../../../../i686-linux-android/lib]
    arg [-L/main/tools/Android/Sdk/ndk-bundle/platforms/android-16/arch-x86/usr/lib] ==> dir [/main/tools/Android/Sdk/ndk-bundle/platforms/android-16/arch-x86/usr/lib]
    arg [--exclude-libs] ==> ignore
    arg [libgcc.a] ==> ignore
    arg [--exclude-libs] ==> ignore
    arg [libatomic.a] ==> ignore
    arg [--build-id] ==> ignore
    arg [--warn-shared-textrel] ==> ignore
    arg [--fatal-warnings] ==> ignore
    arg [--no-undefined] ==> ignore
    arg [-znoexecstack] ==> ignore
    arg [-zrelro] ==> ignore
    arg [-znow] ==> ignore
    arg [--gc-sections] ==> ignore
    arg [-znocopyreloc] ==> ignore
    arg [CMakeFiles/cmTC_adc47.dir/CMakeCCompilerABI.c.o] ==> ignore
    arg [-lgcc] ==> lib [gcc]
    arg [-ldl] ==> lib [dl]
    arg [-lc] ==> lib [c]
    arg [-lgcc] ==> lib [gcc]
    arg [-ldl] ==> lib [dl]
    arg [/main/tools/Android/Sdk/ndk-bundle/platforms/android-16/arch-x86/usr/lib/crtend_android.o] ==> ignore
  remove lib [gcc]
  remove lib [gcc]
  collapse library dir [/main/tools/Android/Sdk/ndk-bundle/sources/cxx-stl/llvm-libc++/libs/x86] ==> [/main/tools/Android/Sdk/ndk-bundle/sources/cxx-stl/llvm-libc++/libs/x86]
  collapse library dir [/main/tools/Android/Sdk/ndk-bundle/toolchains/llvm/prebuilt/linux-x86_64/lib64/clang/7.0.2/lib/linux/i386] ==> [/main/tools/Android/Sdk/ndk-bundle/toolchains/llvm/prebuilt/linux-x86_64/lib64/clang/7.0.2/lib/linux/i386]
  collapse library dir [/main/tools/Android/Sdk/ndk-bundle/toolchains/x86-4.9/prebuilt/linux-x86_64/lib/gcc/i686-linux-android/4.9.x] ==> [/main/tools/Android/Sdk/ndk-bundle/toolchains/x86-4.9/prebuilt/linux-x86_64/lib/gcc/i686-linux-android/4.9.x]
  collapse library dir [/main/tools/Android/Sdk/ndk-bundle/toolchains/x86-4.9/prebuilt/linux-x86_64/lib/gcc/i686-linux-android/4.9.x/../../../../i686-linux-android/lib] ==> [/main/tools/Android/Sdk/ndk-bundle/toolchains/x86-4.9/prebuilt/linux-x86_64/i686-linux-android/lib]
  collapse library dir [/main/tools/Android/Sdk/ndk-bundle/platforms/android-16/arch-x86/usr/lib] ==> [/main/tools/Android/Sdk/ndk-bundle/platforms/android-16/arch-x86/usr/lib]
  implicit libs: [dl;c;dl]
  implicit dirs: [/main/tools/Android/Sdk/ndk-bundle/sources/cxx-stl/llvm-libc++/libs/x86;/main/tools/Android/Sdk/ndk-bundle/toolchains/llvm/prebuilt/linux-x86_64/lib64/clang/7.0.2/lib/linux/i386;/main/tools/Android/Sdk/ndk-bundle/toolchains/x86-4.9/prebuilt/linux-x86_64/lib/gcc/i686-linux-android/4.9.x;/main/tools/Android/Sdk/ndk-bundle/toolchains/x86-4.9/prebuilt/linux-x86_64/i686-linux-android/lib;/main/tools/Android/Sdk/ndk-bundle/platforms/android-16/arch-x86/usr/lib]
  implicit fwks: []




Detecting C [-std=c11] compiler features compiled with the following output:
Change Dir: /root/Downloads/qianxun_postion_test/app/.externalNativeBuild/cmake/debug/x86/CMakeFiles/CMakeTmp

Run Build Command:"/main/tools/Android/Sdk/cmake/3.6.4111459/bin/ninja" "cmTC_314ad"
[1/2] Building C object CMakeFiles/cmTC_314ad.dir/feature_tests.c.o
[2/2] Linking C executable cmTC_314ad


    Feature record: C_FEATURE:1c_function_prototypes
    Feature record: C_FEATURE:1c_restrict
    Feature record: C_FEATURE:1c_static_assert
    Feature record: C_FEATURE:1c_variadic_macros


Detecting C [-std=c99] compiler features compiled with the following output:
Change Dir: /root/Downloads/qianxun_postion_test/app/.externalNativeBuild/cmake/debug/x86/CMakeFiles/CMakeTmp

Run Build Command:"/main/tools/Android/Sdk/cmake/3.6.4111459/bin/ninja" "cmTC_a6ccd"
[1/2] Building C object CMakeFiles/cmTC_a6ccd.dir/feature_tests.c.o
[2/2] Linking C executable cmTC_a6ccd


    Feature record: C_FEATURE:1c_function_prototypes
    Feature record: C_FEATURE:1c_restrict
    Feature record: C_FEATURE:0c_static_assert
    Feature record: C_FEATURE:1c_variadic_macros


Detecting C [-std=c90] compiler features compiled with the following output:
Change Dir: /root/Downloads/qianxun_postion_test/app/.externalNativeBuild/cmake/debug/x86/CMakeFiles/CMakeTmp

Run Build Command:"/main/tools/Android/Sdk/cmake/3.6.4111459/bin/ninja" "cmTC_31775"
[1/2] Building C object CMakeFiles/cmTC_31775.dir/feature_tests.c.o
[2/2] Linking C executable cmTC_31775


    Feature record: C_FEATURE:1c_function_prototypes
    Feature record: C_FEATURE:0c_restrict
    Feature record: C_FEATURE:0c_static_assert
    Feature record: C_FEATURE:0c_variadic_macros
Determining if the CXX compiler works passed with the following output:
Change Dir: /root/Downloads/qianxun_postion_test/app/.externalNativeBuild/cmake/debug/x86/CMakeFiles/CMakeTmp

Run Build Command:"/main/tools/Android/Sdk/cmake/3.6.4111459/bin/ninja" "cmTC_48f49"
[1/2] Building CXX object CMakeFiles/cmTC_48f49.dir/testCXXCompiler.cxx.o
[2/2] Linking CXX executable cmTC_48f49


Detecting CXX compiler ABI info compiled with the following output:
Change Dir: /root/Downloads/qianxun_postion_test/app/.externalNativeBuild/cmake/debug/x86/CMakeFiles/CMakeTmp

Run Build Command:"/main/tools/Android/Sdk/cmake/3.6.4111459/bin/ninja" "cmTC_9e4b0"
[1/2] Building CXX object CMakeFiles/cmTC_9e4b0.dir/CMakeCXXCompilerABI.cpp.o
[2/2] Linking CXX executable cmTC_9e4b0
Android (4751641 based on r328903) clang version 7.0.2 (https://android.googlesource.com/toolchain/clang 003100370607242ddd5815e4a043907ea9004281) (https://android.googlesource.com/toolchain/llvm 1d739ffb0366421d383e04ff80ec2ee591315116) (based on LLVM 7.0.2svn)
Target: i686-none-linux-android16
Thread model: posix
InstalledDir: /main/tools/Android/Sdk/ndk-bundle/toolchains/llvm/prebuilt/linux-x86_64/bin
Found candidate GCC installation: /main/tools/Android/Sdk/ndk-bundle/toolchains/x86-4.9/prebuilt/linux-x86_64/lib/gcc/i686-linux-android/4.9.x
Selected GCC installation: /main/tools/Android/Sdk/ndk-bundle/toolchains/x86-4.9/prebuilt/linux-x86_64/lib/gcc/i686-linux-android/4.9.x
Candidate multilib: .;@m32
Selected multilib: .;@m32
 "/main/tools/Android/Sdk/ndk-bundle/toolchains/x86-4.9/prebuilt/linux-x86_64/lib/gcc/i686-linux-android/4.9.x/../../../../i686-linux-android/bin/ld" --sysroot=/main/tools/Android/Sdk/ndk-bundle/platforms/android-16/arch-x86 -pie -z relro --enable-new-dtags --eh-frame-hdr -m elf_i386 -dynamic-linker /system/bin/linker -o cmTC_9e4b0 /main/tools/Android/Sdk/ndk-bundle/platforms/android-16/arch-x86/usr/lib/crtbegin_dynamic.o -L/main/tools/Android/Sdk/ndk-bundle/sources/cxx-stl/llvm-libc++/libs/x86 -L/main/tools/Android/Sdk/ndk-bundle/toolchains/llvm/prebuilt/linux-x86_64/lib64/clang/7.0.2/lib/linux/i386 -L/main/tools/Android/Sdk/ndk-bundle/toolchains/x86-4.9/prebuilt/linux-x86_64/lib/gcc/i686-linux-android/4.9.x -L/main/tools/Android/Sdk/ndk-bundle/toolchains/x86-4.9/prebuilt/linux-x86_64/lib/gcc/i686-linux-android/4.9.x/../../../../i686-linux-android/lib -L/main/tools/Android/Sdk/ndk-bundle/platforms/android-16/arch-x86/usr/lib --exclude-libs libgcc.a --exclude-libs libatomic.a --build-id --warn-shared-textrel --fatal-warnings --no-undefined -z noexecstack -z relro -z now --gc-sections -z nocopyreloc CMakeFiles/cmTC_9e4b0.dir/CMakeCXXCompilerABI.cpp.o -lm -lgcc -lgcc -ldl -lc -lgcc -lgcc -ldl /main/tools/Android/Sdk/ndk-bundle/platforms/android-16/arch-x86/usr/lib/crtend_android.o


Parsed CXX implicit link information from above output:
  link line regex: [^( *|.*[/\])(i686-linux-android-ld|([^/\]+-)?ld|collect2)[^/\]*( |$)]
  ignore line: [Change Dir: /root/Downloads/qianxun_postion_test/app/.externalNativeBuild/cmake/debug/x86/CMakeFiles/CMakeTmp]
  ignore line: []
  ignore line: [Run Build Command:"/main/tools/Android/Sdk/cmake/3.6.4111459/bin/ninja" "cmTC_9e4b0"]
  ignore line: [[1/2] Building CXX object CMakeFiles/cmTC_9e4b0.dir/CMakeCXXCompilerABI.cpp.o]
  ignore line: [[2/2] Linking CXX executable cmTC_9e4b0]
  ignore line: [Android (4751641 based on r328903) clang version 7.0.2 (https://android.googlesource.com/toolchain/clang 003100370607242ddd5815e4a043907ea9004281) (https://android.googlesource.com/toolchain/llvm 1d739ffb0366421d383e04ff80ec2ee591315116) (based on LLVM 7.0.2svn)]
  ignore line: [Target: i686-none-linux-android16]
  ignore line: [Thread model: posix]
  ignore line: [InstalledDir: /main/tools/Android/Sdk/ndk-bundle/toolchains/llvm/prebuilt/linux-x86_64/bin]
  ignore line: [Found candidate GCC installation: /main/tools/Android/Sdk/ndk-bundle/toolchains/x86-4.9/prebuilt/linux-x86_64/lib/gcc/i686-linux-android/4.9.x]
  ignore line: [Selected GCC installation: /main/tools/Android/Sdk/ndk-bundle/toolchains/x86-4.9/prebuilt/linux-x86_64/lib/gcc/i686-linux-android/4.9.x]
  ignore line: [Candidate multilib: .]
  ignore line: [@m32]
  ignore line: [Selected multilib: .]
  ignore line: [@m32]
  link line: [ "/main/tools/Android/Sdk/ndk-bundle/toolchains/x86-4.9/prebuilt/linux-x86_64/lib/gcc/i686-linux-android/4.9.x/../../../../i686-linux-android/bin/ld" --sysroot=/main/tools/Android/Sdk/ndk-bundle/platforms/android-16/arch-x86 -pie -z relro --enable-new-dtags --eh-frame-hdr -m elf_i386 -dynamic-linker /system/bin/linker -o cmTC_9e4b0 /main/tools/Android/Sdk/ndk-bundle/platforms/android-16/arch-x86/usr/lib/crtbegin_dynamic.o -L/main/tools/Android/Sdk/ndk-bundle/sources/cxx-stl/llvm-libc++/libs/x86 -L/main/tools/Android/Sdk/ndk-bundle/toolchains/llvm/prebuilt/linux-x86_64/lib64/clang/7.0.2/lib/linux/i386 -L/main/tools/Android/Sdk/ndk-bundle/toolchains/x86-4.9/prebuilt/linux-x86_64/lib/gcc/i686-linux-android/4.9.x -L/main/tools/Android/Sdk/ndk-bundle/toolchains/x86-4.9/prebuilt/linux-x86_64/lib/gcc/i686-linux-android/4.9.x/../../../../i686-linux-android/lib -L/main/tools/Android/Sdk/ndk-bundle/platforms/android-16/arch-x86/usr/lib --exclude-libs libgcc.a --exclude-libs libatomic.a --build-id --warn-shared-textrel --fatal-warnings --no-undefined -z noexecstack -z relro -z now --gc-sections -z nocopyreloc CMakeFiles/cmTC_9e4b0.dir/CMakeCXXCompilerABI.cpp.o -lm -lgcc -lgcc -ldl -lc -lgcc -lgcc -ldl /main/tools/Android/Sdk/ndk-bundle/platforms/android-16/arch-x86/usr/lib/crtend_android.o]
    arg [/main/tools/Android/Sdk/ndk-bundle/toolchains/x86-4.9/prebuilt/linux-x86_64/lib/gcc/i686-linux-android/4.9.x/../../../../i686-linux-android/bin/ld] ==> ignore
    arg [--sysroot=/main/tools/Android/Sdk/ndk-bundle/platforms/android-16/arch-x86] ==> ignore
    arg [-pie] ==> ignore
    arg [-zrelro] ==> ignore
    arg [--enable-new-dtags] ==> ignore
    arg [--eh-frame-hdr] ==> ignore
    arg [-m] ==> ignore
    arg [elf_i386] ==> ignore
    arg [-dynamic-linker] ==> ignore
    arg [/system/bin/linker] ==> ignore
    arg [-o] ==> ignore
    arg [cmTC_9e4b0] ==> ignore
    arg [/main/tools/Android/Sdk/ndk-bundle/platforms/android-16/arch-x86/usr/lib/crtbegin_dynamic.o] ==> ignore
    arg [-L/main/tools/Android/Sdk/ndk-bundle/sources/cxx-stl/llvm-libc++/libs/x86] ==> dir [/main/tools/Android/Sdk/ndk-bundle/sources/cxx-stl/llvm-libc++/libs/x86]
    arg [-L/main/tools/Android/Sdk/ndk-bundle/toolchains/llvm/prebuilt/linux-x86_64/lib64/clang/7.0.2/lib/linux/i386] ==> dir [/main/tools/Android/Sdk/ndk-bundle/toolchains/llvm/prebuilt/linux-x86_64/lib64/clang/7.0.2/lib/linux/i386]
    arg [-L/main/tools/Android/Sdk/ndk-bundle/toolchains/x86-4.9/prebuilt/linux-x86_64/lib/gcc/i686-linux-android/4.9.x] ==> dir [/main/tools/Android/Sdk/ndk-bundle/toolchains/x86-4.9/prebuilt/linux-x86_64/lib/gcc/i686-linux-android/4.9.x]
    arg [-L/main/tools/Android/Sdk/ndk-bundle/toolchains/x86-4.9/prebuilt/linux-x86_64/lib/gcc/i686-linux-android/4.9.x/../../../../i686-linux-android/lib] ==> dir [/main/tools/Android/Sdk/ndk-bundle/toolchains/x86-4.9/prebuilt/linux-x86_64/lib/gcc/i686-linux-android/4.9.x/../../../../i686-linux-android/lib]
    arg [-L/main/tools/Android/Sdk/ndk-bundle/platforms/android-16/arch-x86/usr/lib] ==> dir [/main/tools/Android/Sdk/ndk-bundle/platforms/android-16/arch-x86/usr/lib]
    arg [--exclude-libs] ==> ignore
    arg [libgcc.a] ==> ignore
    arg [--exclude-libs] ==> ignore
    arg [libatomic.a] ==> ignore
    arg [--build-id] ==> ignore
    arg [--warn-shared-textrel] ==> ignore
    arg [--fatal-warnings] ==> ignore
    arg [--no-undefined] ==> ignore
    arg [-znoexecstack] ==> ignore
    arg [-zrelro] ==> ignore
    arg [-znow] ==> ignore
    arg [--gc-sections] ==> ignore
    arg [-znocopyreloc] ==> ignore
    arg [CMakeFiles/cmTC_9e4b0.dir/CMakeCXXCompilerABI.cpp.o] ==> ignore
    arg [-lm] ==> lib [m]
    arg [-lgcc] ==> lib [gcc]
    arg [-lgcc] ==> lib [gcc]
    arg [-ldl] ==> lib [dl]
    arg [-lc] ==> lib [c]
    arg [-lgcc] ==> lib [gcc]
    arg [-lgcc] ==> lib [gcc]
    arg [-ldl] ==> lib [dl]
    arg [/main/tools/Android/Sdk/ndk-bundle/platforms/android-16/arch-x86/usr/lib/crtend_android.o] ==> ignore
  remove lib [gcc]
  remove lib [gcc]
  remove lib [gcc]
  remove lib [gcc]
  collapse library dir [/main/tools/Android/Sdk/ndk-bundle/sources/cxx-stl/llvm-libc++/libs/x86] ==> [/main/tools/Android/Sdk/ndk-bundle/sources/cxx-stl/llvm-libc++/libs/x86]
  collapse library dir [/main/tools/Android/Sdk/ndk-bundle/toolchains/llvm/prebuilt/linux-x86_64/lib64/clang/7.0.2/lib/linux/i386] ==> [/main/tools/Android/Sdk/ndk-bundle/toolchains/llvm/prebuilt/linux-x86_64/lib64/clang/7.0.2/lib/linux/i386]
  collapse library dir [/main/tools/Android/Sdk/ndk-bundle/toolchains/x86-4.9/prebuilt/linux-x86_64/lib/gcc/i686-linux-android/4.9.x] ==> [/main/tools/Android/Sdk/ndk-bundle/toolchains/x86-4.9/prebuilt/linux-x86_64/lib/gcc/i686-linux-android/4.9.x]
  collapse library dir [/main/tools/Android/Sdk/ndk-bundle/toolchains/x86-4.9/prebuilt/linux-x86_64/lib/gcc/i686-linux-android/4.9.x/../../../../i686-linux-android/lib] ==> [/main/tools/Android/Sdk/ndk-bundle/toolchains/x86-4.9/prebuilt/linux-x86_64/i686-linux-android/lib]
  collapse library dir [/main/tools/Android/Sdk/ndk-bundle/platforms/android-16/arch-x86/usr/lib] ==> [/main/tools/Android/Sdk/ndk-bundle/platforms/android-16/arch-x86/usr/lib]
  implicit libs: [m;dl;c;dl]
  implicit dirs: [/main/tools/Android/Sdk/ndk-bundle/sources/cxx-stl/llvm-libc++/libs/x86;/main/tools/Android/Sdk/ndk-bundle/toolchains/llvm/prebuilt/linux-x86_64/lib64/clang/7.0.2/lib/linux/i386;/main/tools/Android/Sdk/ndk-bundle/toolchains/x86-4.9/prebuilt/linux-x86_64/lib/gcc/i686-linux-android/4.9.x;/main/tools/Android/Sdk/ndk-bundle/toolchains/x86-4.9/prebuilt/linux-x86_64/i686-linux-android/lib;/main/tools/Android/Sdk/ndk-bundle/platforms/android-16/arch-x86/usr/lib]
  implicit fwks: []




Detecting CXX [-std=c++14] compiler features compiled with the following output:
Change Dir: /root/Downloads/qianxun_postion_test/app/.externalNativeBuild/cmake/debug/x86/CMakeFiles/CMakeTmp

Run Build Command:"/main/tools/Android/Sdk/cmake/3.6.4111459/bin/ninja" "cmTC_319e7"
[1/2] Building CXX object CMakeFiles/cmTC_319e7.dir/feature_tests.cxx.o
[2/2] Linking CXX executable cmTC_319e7


    Feature record: CXX_FEATURE:1cxx_aggregate_default_initializers
    Feature record: CXX_FEATURE:1cxx_alias_templates
    Feature record: CXX_FEATURE:1cxx_alignas
    Feature record: CXX_FEATURE:1cxx_alignof
    Feature record: CXX_FEATURE:1cxx_attributes
    Feature record: CXX_FEATURE:1cxx_attribute_deprecated
    Feature record: CXX_FEATURE:1cxx_auto_type
    Feature record: CXX_FEATURE:1cxx_binary_literals
    Feature record: CXX_FEATURE:1cxx_constexpr
    Feature record: CXX_FEATURE:1cxx_contextual_conversions
    Feature record: CXX_FEATURE:1cxx_decltype
    Feature record: CXX_FEATURE:1cxx_decltype_auto
    Feature record: CXX_FEATURE:1cxx_decltype_incomplete_return_types
    Feature record: CXX_FEATURE:1cxx_default_function_template_args
    Feature record: CXX_FEATURE:1cxx_defaulted_functions
    Feature record: CXX_FEATURE:1cxx_defaulted_move_initializers
    Feature record: CXX_FEATURE:1cxx_delegating_constructors
    Feature record: CXX_FEATURE:1cxx_deleted_functions
    Feature record: CXX_FEATURE:1cxx_digit_separators
    Feature record: CXX_FEATURE:1cxx_enum_forward_declarations
    Feature record: CXX_FEATURE:1cxx_explicit_conversions
    Feature record: CXX_FEATURE:1cxx_extended_friend_declarations
    Feature record: CXX_FEATURE:1cxx_extern_templates
    Feature record: CXX_FEATURE:1cxx_final
    Feature record: CXX_FEATURE:1cxx_func_identifier
    Feature record: CXX_FEATURE:1cxx_generalized_initializers
    Feature record: CXX_FEATURE:1cxx_generic_lambdas
    Feature record: CXX_FEATURE:1cxx_inheriting_constructors
    Feature record: CXX_FEATURE:1cxx_inline_namespaces
    Feature record: CXX_FEATURE:1cxx_lambdas
    Feature record: CXX_FEATURE:1cxx_lambda_init_captures
    Feature record: CXX_FEATURE:1cxx_local_type_template_args
    Feature record: CXX_FEATURE:1cxx_long_long_type
    Feature record: CXX_FEATURE:1cxx_noexcept
    Feature record: CXX_FEATURE:1cxx_nonstatic_member_init
    Feature record: CXX_FEATURE:1cxx_nullptr
    Feature record: CXX_FEATURE:1cxx_override
    Feature record: CXX_FEATURE:1cxx_range_for
    Feature record: CXX_FEATURE:1cxx_raw_string_literals
    Feature record: CXX_FEATURE:1cxx_reference_qualified_functions
    Feature record: CXX_FEATURE:1cxx_relaxed_constexpr
    Feature record: CXX_FEATURE:1cxx_return_type_deduction
    Feature record: CXX_FEATURE:1cxx_right_angle_brackets
    Feature record: CXX_FEATURE:1cxx_rvalue_references
    Feature record: CXX_FEATURE:1cxx_sizeof_member
    Feature record: CXX_FEATURE:1cxx_static_assert
    Feature record: CXX_FEATURE:1cxx_strong_enums
    Feature record: CXX_FEATURE:1cxx_template_template_parameters
    Feature record: CXX_FEATURE:1cxx_thread_local
    Feature record: CXX_FEATURE:1cxx_trailing_return_types
    Feature record: CXX_FEATURE:1cxx_unicode_literals
    Feature record: CXX_FEATURE:1cxx_uniform_initialization
    Feature record: CXX_FEATURE:1cxx_unrestricted_unions
    Feature record: CXX_FEATURE:1cxx_user_literals
    Feature record: CXX_FEATURE:1cxx_variable_templates
    Feature record: CXX_FEATURE:1cxx_variadic_macros
    Feature record: CXX_FEATURE:1cxx_variadic_templates


Detecting CXX [-std=c++11] compiler features compiled with the following output:
Change Dir: /root/Downloads/qianxun_postion_test/app/.externalNativeBuild/cmake/debug/x86/CMakeFiles/CMakeTmp

Run Build Command:"/main/tools/Android/Sdk/cmake/3.6.4111459/bin/ninja" "cmTC_bc1df"
[1/2] Building CXX object CMakeFiles/cmTC_bc1df.dir/feature_tests.cxx.o
[2/2] Linking CXX executable cmTC_bc1df


    Feature record: CXX_FEATURE:0cxx_aggregate_default_initializers
    Feature record: CXX_FEATURE:1cxx_alias_templates
    Feature record: CXX_FEATURE:1cxx_alignas
    Feature record: CXX_FEATURE:1cxx_alignof
    Feature record: CXX_FEATURE:1cxx_attributes
    Feature record: CXX_FEATURE:0cxx_attribute_deprecated
    Feature record: CXX_FEATURE:1cxx_auto_type
    Feature record: CXX_FEATURE:0cxx_binary_literals
    Feature record: CXX_FEATURE:1cxx_constexpr
    Feature record: CXX_FEATURE:0cxx_contextual_conversions
    Feature record: CXX_FEATURE:1cxx_decltype
    Feature record: CXX_FEATURE:0cxx_decltype_auto
    Feature record: CXX_FEATURE:1cxx_decltype_incomplete_return_types
    Feature record: CXX_FEATURE:1cxx_default_function_template_args
    Feature record: CXX_FEATURE:1cxx_defaulted_functions
    Feature record: CXX_FEATURE:1cxx_defaulted_move_initializers
    Feature record: CXX_FEATURE:1cxx_delegating_constructors
    Feature record: CXX_FEATURE:1cxx_deleted_functions
    Feature record: CXX_FEATURE:0cxx_digit_separators
    Feature record: CXX_FEATURE:1cxx_enum_forward_declarations
    Feature record: CXX_FEATURE:1cxx_explicit_conversions
    Feature record: CXX_FEATURE:1cxx_extended_friend_declarations
    Feature record: CXX_FEATURE:1cxx_extern_templates
    Feature record: CXX_FEATURE:1cxx_final
    Feature record: CXX_FEATURE:1cxx_func_identifier
    Feature record: CXX_FEATURE:1cxx_generalized_initializers
    Feature record: CXX_FEATURE:0cxx_generic_lambdas
    Feature record: CXX_FEATURE:1cxx_inheriting_constructors
    Feature record: CXX_FEATURE:1cxx_inline_namespaces
    Feature record: CXX_FEATURE:1cxx_lambdas
    Feature record: CXX_FEATURE:0cxx_lambda_init_captures
    Feature record: CXX_FEATURE:1cxx_local_type_template_args
    Feature record: CXX_FEATURE:1cxx_long_long_type
    Feature record: CXX_FEATURE:1cxx_noexcept
    Feature record: CXX_FEATURE:1cxx_nonstatic_member_init
    Feature record: CXX_FEATURE:1cxx_nullptr
    Feature record: CXX_FEATURE:1cxx_override
    Feature record: CXX_FEATURE:1cxx_range_for
    Feature record: CXX_FEATURE:1cxx_raw_string_literals
    Feature record: CXX_FEATURE:1cxx_reference_qualified_functions
    Feature record: CXX_FEATURE:0cxx_relaxed_constexpr
    Feature record: CXX_FEATURE:0cxx_return_type_deduction
    Feature record: CXX_FEATURE:1cxx_right_angle_brackets
    Feature record: CXX_FEATURE:1cxx_rvalue_references
    Feature record: CXX_FEATURE:1cxx_sizeof_member
    Feature record: CXX_FEATURE:1cxx_static_assert
    Feature record: CXX_FEATURE:1cxx_strong_enums
    Feature record: CXX_FEATURE:1cxx_template_template_parameters
    Feature record: CXX_FEATURE:1cxx_thread_local
    Feature record: CXX_FEATURE:1cxx_trailing_return_types
    Feature record: CXX_FEATURE:1cxx_unicode_literals
    Feature record: CXX_FEATURE:1cxx_uniform_initialization
    Feature record: CXX_FEATURE:1cxx_unrestricted_unions
    Feature record: CXX_FEATURE:1cxx_user_literals
    Feature record: CXX_FEATURE:0cxx_variable_templates
    Feature record: CXX_FEATURE:1cxx_variadic_macros
    Feature record: CXX_FEATURE:1cxx_variadic_templates


Detecting CXX [-std=c++98] compiler features compiled with the following output:
Change Dir: /root/Downloads/qianxun_postion_test/app/.externalNativeBuild/cmake/debug/x86/CMakeFiles/CMakeTmp

Run Build Command:"/main/tools/Android/Sdk/cmake/3.6.4111459/bin/ninja" "cmTC_52dcb"
[1/2] Building CXX object CMakeFiles/cmTC_52dcb.dir/feature_tests.cxx.o
[2/2] Linking CXX executable cmTC_52dcb


    Feature record: CXX_FEATURE:0cxx_aggregate_default_initializers
    Feature record: CXX_FEATURE:0cxx_alias_templates
    Feature record: CXX_FEATURE:0cxx_alignas
    Feature record: CXX_FEATURE:0cxx_alignof
    Feature record: CXX_FEATURE:0cxx_attributes
    Feature record: CXX_FEATURE:0cxx_attribute_deprecated
    Feature record: CXX_FEATURE:0cxx_auto_type
    Feature record: CXX_FEATURE:0cxx_binary_literals
    Feature record: CXX_FEATURE:0cxx_constexpr
    Feature record: CXX_FEATURE:0cxx_contextual_conversions
    Feature record: CXX_FEATURE:0cxx_decltype
    Feature record: CXX_FEATURE:0cxx_decltype_auto
    Feature record: CXX_FEATURE:0cxx_decltype_incomplete_return_types
    Feature record: CXX_FEATURE:0cxx_default_function_template_args
    Feature record: CXX_FEATURE:0cxx_defaulted_functions
    Feature record: CXX_FEATURE:0cxx_defaulted_move_initializers
    Feature record: CXX_FEATURE:0cxx_delegating_constructors
    Feature record: CXX_FEATURE:0cxx_deleted_functions
    Feature record: CXX_FEATURE:0cxx_digit_separators
    Feature record: CXX_FEATURE:0cxx_enum_forward_declarations
    Feature record: CXX_FEATURE:0cxx_explicit_conversions
    Feature record: CXX_FEATURE:0cxx_extended_friend_declarations
    Feature record: CXX_FEATURE:0cxx_extern_templates
    Feature record: CXX_FEATURE:0cxx_final
    Feature record: CXX_FEATURE:0cxx_func_identifier
    Feature record: CXX_FEATURE:0cxx_generalized_initializers
    Feature record: CXX_FEATURE:0cxx_generic_lambdas
    Feature record: CXX_FEATURE:0cxx_inheriting_constructors
    Feature record: CXX_FEATURE:0cxx_inline_namespaces
    Feature record: CXX_FEATURE:0cxx_lambdas
    Feature record: CXX_FEATURE:0cxx_lambda_init_captures
    Feature record: CXX_FEATURE:0cxx_local_type_template_args
    Feature record: CXX_FEATURE:0cxx_long_long_type
    Feature record: CXX_FEATURE:0cxx_noexcept
    Feature record: CXX_FEATURE:0cxx_nonstatic_member_init
    Feature record: CXX_FEATURE:0cxx_nullptr
    Feature record: CXX_FEATURE:0cxx_override
    Feature record: CXX_FEATURE:0cxx_range_for
    Feature record: CXX_FEATURE:0cxx_raw_string_literals
    Feature record: CXX_FEATURE:0cxx_reference_qualified_functions
    Feature record: CXX_FEATURE:0cxx_relaxed_constexpr
    Feature record: CXX_FEATURE:0cxx_return_type_deduction
    Feature record: CXX_FEATURE:0cxx_right_angle_brackets
    Feature record: CXX_FEATURE:0cxx_rvalue_references
    Feature record: CXX_FEATURE:0cxx_sizeof_member
    Feature record: CXX_FEATURE:0cxx_static_assert
    Feature record: CXX_FEATURE:0cxx_strong_enums
    Feature record: CXX_FEATURE:1cxx_template_template_parameters
    Feature record: CXX_FEATURE:0cxx_thread_local
    Feature record: CXX_FEATURE:0cxx_trailing_return_types
    Feature record: CXX_FEATURE:0cxx_unicode_literals
    Feature record: CXX_FEATURE:0cxx_uniform_initialization
    Feature record: CXX_FEATURE:0cxx_unrestricted_unions
    Feature record: CXX_FEATURE:0cxx_user_literals
    Feature record: CXX_FEATURE:0cxx_variable_templates
    Feature record: CXX_FEATURE:0cxx_variadic_macros
    Feature record: CXX_FEATURE:0cxx_variadic_templates
